\BOOKMARK [0][]{titlepage.0}{\376\377\000Z\000p\000r\000a\000c\000o\000v\000\341\000n\000\355\000\040\000d\000a\000t\000\040\000p\000r\000o\000\040\000p\001\131\000e\000d\000m\001\033\000t\000\040\000N\000M\000A\000S\000T}{}% 1
\BOOKMARK [1][]{contents.1}{\376\377\000O\000b\000s\000a\000h}{titlepage.0}% 2
\BOOKMARK [1][]{section*.3}{\376\377\000S\000e\000z\000n\000a\000m\000\040\000o\000b\000r\000\341\000z\000k\001\157}{titlepage.0}% 3
\BOOKMARK [1][]{section*.4}{\376\377\000S\000e\000z\000n\000a\000m\000\040\000t\000a\000b\000u\000l\000e\000k}{titlepage.0}% 4
\BOOKMARK [1][]{section*.5}{\376\377\000\332\000v\000o\000d}{titlepage.0}% 5
\BOOKMARK [1][]{section.1}{\376\377\0001\000\040\000P\000o\000p\000i\000s\000\040\000d\000a\000t}{titlepage.0}% 6
\BOOKMARK [1][]{section.2}{\376\377\0002\000\040\000P\000o\000p\000i\000s\000n\000\341\000\040\000s\000t\000a\000t\000i\000s\000t\000i\000k\000a}{titlepage.0}% 7
\BOOKMARK [1][]{section.3}{\376\377\0003\000\040\000Z\000\341\000k\000l\000a\000d\000n\000\355\000\040\000g\000r\000a\000f\000y}{titlepage.0}% 8
\BOOKMARK [2][-]{subsection.3.1}{\376\377\0003\000.\0001\000\040\000H\000i\000s\000t\000o\000g\000r\000a\000m}{section.3}% 9
\BOOKMARK [2][-]{subsection.3.2}{\376\377\0003\000.\0002\000\040\000B\000o\000d\000o\000v\000\375\000\040\000g\000r\000a\000f}{section.3}% 10
\BOOKMARK [2][-]{subsection.3.3}{\376\377\0003\000.\0003\000\040\000B\000o\000x\000p\000l\000o\000t}{section.3}% 11
\BOOKMARK [2][-]{subsection.3.4}{\376\377\0003\000.\0004\000\040\000H\000e\000x\000b\000i\000n}{section.3}% 12
\BOOKMARK [2][-]{subsection.3.5}{\376\377\0003\000.\0005\000\040\0003\000D\000\040\000g\000r\000a\000f}{section.3}% 13
\BOOKMARK [2][-]{subsection.3.6}{\376\377\0003\000.\0006\000\040\000C\000h\000e\000r\000n\000o\000f\000f\000\040\000f\000a\000c\000e\000s}{section.3}% 14
\BOOKMARK [1][]{section.4}{\376\377\0004\000\040\000T\000e\000s\000t\000o\000v\000\341\000n\000\355\000\040\000s\000t\000a\000t\000i\000s\000t\000i\000c\000k\000\375\000c\000h\000\040\000h\000y\000p\000o\000t\000\351\000z}{titlepage.0}% 15
\BOOKMARK [2][-]{subsection.4.1}{\376\377\0004\000.\0001\000\040\000J\000e\000d\000n\000o\000v\000\375\000b\001\033\000r\000o\000v\000\375\000\040\000S\000t\000u\000d\000e\000n\000t\001\157\000v\000\040\000t\000e\000s\000t\000\040\000v\001\157\001\015\000i\000\040\000s\000t\001\131\000e\000d\000n\000\355\000\040\000h\000o\000d\000n\000o\000t\001\033}{section.4}% 16
\BOOKMARK [2][-]{subsection.4.2}{\376\377\0004\000.\0002\000\040\000D\000v\000o\000u\000v\000\375\000b\001\033\000r\000o\000v\000\375\000\040\000S\000t\000u\000d\000e\000n\000t\001\157\000v\000\040\000t\000e\000s\000t}{section.4}% 17
\BOOKMARK [2][-]{subsection.4.3}{\376\377\0004\000.\0003\000\040\000F\000i\000s\000h\000e\000r\001\157\000v\000\040\000t\000e\000s\000t}{section.4}% 18
\BOOKMARK [1][]{section.5}{\376\377\0005\000\040\000A\000N\000O\000V\000A}{titlepage.0}% 19
\BOOKMARK [1][]{section.6}{\376\377\0006\000\040\000K\000o\000r\000e\000l\000a\000c\000e}{titlepage.0}% 20
\BOOKMARK [2][-]{subsection.6.1}{\376\377\0006\000.\0001\000\040\000K\000o\000r\000e\000l\000a\001\015\000n\000\355\000\040\000m\000a\000t\000i\000c\000e}{section.6}% 21
\BOOKMARK [2][-]{subsection.6.2}{\376\377\0006\000.\0002\000\040\000B\000o\000d\000o\000v\000\351\000\040\000g\000r\000a\000f\000y\000\040\000h\000o\000d\000n\000o\000t\000\040\000z\000\040\000k\000o\000r\000e\000l\000a\001\015\000n\000\355\000\040\000m\000a\000t\000i\000c\000e}{section.6}% 22
\BOOKMARK [1][]{section.7}{\376\377\0007\000\040\000T\000e\000s\000t\000o\000v\000\341\000n\000\355\000\040\000v\000\040\000k\000o\000n\000t\000i\000n\000g\000e\000n\001\015\000n\000\355\000c\000h\000\040\000t\000a\000b\000u\000l\000k\000\341\000c\000h}{titlepage.0}% 23
\BOOKMARK [2][-]{subsection.7.1}{\376\377\0007\000.\0001\000\040\000C\000h\000\355\000\040\000k\000v\000a\000d\000r\000\341\000t\000\040\000t\000e\000s\000t}{section.7}% 24
\BOOKMARK [1][]{section.8}{\376\377\0008\000\040\000L\000i\000n\000e\000\341\000r\000n\000\355\000\040\000r\000e\000g\000r\000e\000s\000e}{titlepage.0}% 25
\BOOKMARK [1][]{section*.25}{\376\377\000Z\000\341\000v\001\033\000r}{titlepage.0}% 26
\BOOKMARK [1][]{section*.26}{\376\377\000P\000o\000u\001\176\000i\000t\000\341\000\040\000l\000i\000t\000e\000r\000a\000t\000u\000r\000a}{titlepage.0}% 27
\BOOKMARK [1][]{section*.27}{\376\377\000S\000e\000z\000n\000a\000m\000\040\000p\001\131\000\355\000l\000o\000h}{titlepage.0}% 28
\BOOKMARK [1][]{section*.28}{\376\377\000P\001\131\000\355\000l\000o\000h\000a\000\040\000A}{titlepage.0}% 29
