This is pdfTeX, Version 3.141592653-2.6-1.40.23 (TeX Live 2021/W32TeX) (preloaded format=pdflatex 2021.12.10)  10 DEC 2021 17:39
entering extended mode
 restricted \write18 enabled.
 %&-line parsing enabled.
**E:/Projects/nmast/nmast_sem/output/semestralni_prace.tex
(e:/Projects/nmast/nmast_sem/output/semestralni_prace.tex
LaTeX2e <2021-11-15> patch level 1
L3 programming layer <2021-11-22> (c:/Users/Lukas/AppData/Roaming/TinyTeX/texmf-dist/tex/latex/base/article.cls
Document Class: article 2021/10/04 v1.4n Standard LaTeX document class
(c:/Users/Lukas/AppData/Roaming/TinyTeX/texmf-dist/tex/latex/base/size12.clo
File: size12.clo 2021/10/04 v1.4n Standard LaTeX file (size option)
)
\c@part=\count183
\c@section=\count184
\c@subsection=\count185
\c@subsubsection=\count186
\c@paragraph=\count187
\c@subparagraph=\count188
\c@figure=\count189
\c@table=\count190
\abovecaptionskip=\skip47
\belowcaptionskip=\skip48
\bibindent=\dimen138
) (c:/Users/Lukas/AppData/Roaming/TinyTeX/texmf-dist/tex/latex/cmap/cmap.sty
Package: cmap 2021/02/06 v1.0j CMap support: searchable PDF
) (c:/Users/Lukas/AppData/Roaming/TinyTeX/texmf-dist/tex/latex/base/inputenc.sty
Package: inputenc 2021/02/14 v1.3d Input encoding file
\inpenc@prehook=\toks16
\inpenc@posthook=\toks17
) (c:/Users/Lukas/AppData/Roaming/TinyTeX/texmf-dist/tex/latex/base/fontenc.sty
Package: fontenc 2021/04/29 v2.0v Standard LaTeX package
<<t1.cmap>>) (c:/Users/Lukas/AppData/Roaming/TinyTeX/texmf-dist/tex/generic/babel/babel.sty
Package: babel 2021/11/29 3.67 The Babel package
\babel@savecnt=\count191
\U@D=\dimen139
\l@unhyphenated=\language3
(c:/Users/Lukas/AppData/Roaming/TinyTeX/texmf-dist/tex/generic/babel/txtbabel.def)
\bbl@readstream=\read2
\bbl@dirlevel=\count192
(c:/Users/Lukas/AppData/Roaming/TinyTeX/texmf-dist/tex/generic/babel-czech/czech.ldf
Language: czech 2008/07/06 v3.1a Czech support from the babel system

Package babel Warning: No hyphenation patterns were preloaded for
(babel)                the language 'Czech' into the format.
(babel)                Please, configure your TeX system to add them and
(babel)                rebuild the format. Now I will use the patterns
(babel)                preloaded for \language=0 instead on input line 53.

Package babel Info: Hyphen rules for 'czech' set to \l@english
(babel)             (\language0). Reported on input line 54.
Package babel Info: Making " an active character on input line 172.
\cs@wordlen=\count193
Package babel Info: Making - an active character on input line 226.
)) (./vskpupa.sty (c:/Users/Lukas/AppData/Roaming/TinyTeX/texmf-dist/tex/latex/base/fontenc.sty
Package: fontenc 2021/04/29 v2.0v Standard LaTeX package
) (c:/Users/Lukas/AppData/Roaming/TinyTeX/texmf-dist/tex/latex/geometry/geometry.sty
Package: geometry 2020/01/02 v5.9 Page Geometry
(c:/Users/Lukas/AppData/Roaming/TinyTeX/texmf-dist/tex/latex/graphics/keyval.sty
Package: keyval 2014/10/28 v1.15 key=value parser (DPC)
\KV@toks@=\toks18
) (c:/Users/Lukas/AppData/Roaming/TinyTeX/texmf-dist/tex/generic/iftex/ifvtex.sty
Package: ifvtex 2019/10/25 v1.7 ifvtex legacy package. Use iftex instead.
(c:/Users/Lukas/AppData/Roaming/TinyTeX/texmf-dist/tex/generic/iftex/iftex.sty
Package: iftex 2020/03/06 v1.0d TeX engine tests
))
\Gm@cnth=\count194
\Gm@cntv=\count195
\c@Gm@tempcnt=\count196
\Gm@bindingoffset=\dimen140
\Gm@wd@mp=\dimen141
\Gm@odd@mp=\dimen142
\Gm@even@mp=\dimen143
\Gm@layoutwidth=\dimen144
\Gm@layoutheight=\dimen145
\Gm@layouthoffset=\dimen146
\Gm@layoutvoffset=\dimen147
\Gm@dimlist=\toks19
) (c:/Users/Lukas/AppData/Roaming/TinyTeX/texmf-dist/tex/latex/lm/lmodern.sty
Package: lmodern 2015/05/01 v1.6.1 Latin Modern Fonts
LaTeX Font Info:    Overwriting symbol font `operators' in version `normal'
(Font)                  OT1/cmr/m/n --> OT1/lmr/m/n on input line 22.
LaTeX Font Info:    Overwriting symbol font `letters' in version `normal'
(Font)                  OML/cmm/m/it --> OML/lmm/m/it on input line 23.
LaTeX Font Info:    Overwriting symbol font `symbols' in version `normal'
(Font)                  OMS/cmsy/m/n --> OMS/lmsy/m/n on input line 24.
LaTeX Font Info:    Overwriting symbol font `largesymbols' in version `normal'
(Font)                  OMX/cmex/m/n --> OMX/lmex/m/n on input line 25.
LaTeX Font Info:    Overwriting symbol font `operators' in version `bold'
(Font)                  OT1/cmr/bx/n --> OT1/lmr/bx/n on input line 26.
LaTeX Font Info:    Overwriting symbol font `letters' in version `bold'
(Font)                  OML/cmm/b/it --> OML/lmm/b/it on input line 27.
LaTeX Font Info:    Overwriting symbol font `symbols' in version `bold'
(Font)                  OMS/cmsy/b/n --> OMS/lmsy/b/n on input line 28.
LaTeX Font Info:    Overwriting symbol font `largesymbols' in version `bold'
(Font)                  OMX/cmex/m/n --> OMX/lmex/m/n on input line 29.
LaTeX Font Info:    Overwriting math alphabet `\mathbf' in version `normal'
(Font)                  OT1/cmr/bx/n --> OT1/lmr/bx/n on input line 31.
LaTeX Font Info:    Overwriting math alphabet `\mathsf' in version `normal'
(Font)                  OT1/cmss/m/n --> OT1/lmss/m/n on input line 32.
LaTeX Font Info:    Overwriting math alphabet `\mathit' in version `normal'
(Font)                  OT1/cmr/m/it --> OT1/lmr/m/it on input line 33.
LaTeX Font Info:    Overwriting math alphabet `\mathtt' in version `normal'
(Font)                  OT1/cmtt/m/n --> OT1/lmtt/m/n on input line 34.
LaTeX Font Info:    Overwriting math alphabet `\mathbf' in version `bold'
(Font)                  OT1/cmr/bx/n --> OT1/lmr/bx/n on input line 35.
LaTeX Font Info:    Overwriting math alphabet `\mathsf' in version `bold'
(Font)                  OT1/cmss/bx/n --> OT1/lmss/bx/n on input line 36.
LaTeX Font Info:    Overwriting math alphabet `\mathit' in version `bold'
(Font)                  OT1/cmr/bx/it --> OT1/lmr/bx/it on input line 37.
LaTeX Font Info:    Overwriting math alphabet `\mathtt' in version `bold'
(Font)                  OT1/cmtt/m/n --> OT1/lmtt/m/n on input line 38.
) (c:/Users/Lukas/AppData/Roaming/TinyTeX/texmf-dist/tex/latex/graphics/color.sty
Package: color 2021/10/11 v1.3b Standard LaTeX Color (DPC)
(c:/Users/Lukas/AppData/Roaming/TinyTeX/texmf-dist/tex/latex/graphics-cfg/color.cfg
File: color.cfg 2016/01/02 v1.6 sample color configuration
)
Package color Info: Driver file: pdftex.def on input line 149.
(c:/Users/Lukas/AppData/Roaming/TinyTeX/texmf-dist/tex/latex/graphics-def/pdftex.def
File: pdftex.def 2020/10/05 v1.2a Graphics/color driver for pdftex
)) (c:/Users/Lukas/AppData/Roaming/TinyTeX/texmf-dist/tex/latex/hyperref/hyperref.sty
Package: hyperref 2021-06-07 v7.00m Hypertext links for LaTeX
(c:/Users/Lukas/AppData/Roaming/TinyTeX/texmf-dist/tex/generic/ltxcmds/ltxcmds.sty
Package: ltxcmds 2020-05-10 v1.25 LaTeX kernel commands for general use (HO)
) (c:/Users/Lukas/AppData/Roaming/TinyTeX/texmf-dist/tex/generic/pdftexcmds/pdftexcmds.sty
Package: pdftexcmds 2020-06-27 v0.33 Utility functions of pdfTeX for LuaTeX (HO)
(c:/Users/Lukas/AppData/Roaming/TinyTeX/texmf-dist/tex/generic/infwarerr/infwarerr.sty
Package: infwarerr 2019/12/03 v1.5 Providing info/warning/error messages (HO)
)
Package pdftexcmds Info: \pdf@primitive is available.
Package pdftexcmds Info: \pdf@ifprimitive is available.
Package pdftexcmds Info: \pdfdraftmode found.
) (c:/Users/Lukas/AppData/Roaming/TinyTeX/texmf-dist/tex/generic/kvsetkeys/kvsetkeys.sty
Package: kvsetkeys 2019/12/15 v1.18 Key value parser (HO)
) (c:/Users/Lukas/AppData/Roaming/TinyTeX/texmf-dist/tex/generic/kvdefinekeys/kvdefinekeys.sty
Package: kvdefinekeys 2019-12-19 v1.6 Define keys (HO)
) (c:/Users/Lukas/AppData/Roaming/TinyTeX/texmf-dist/tex/generic/pdfescape/pdfescape.sty
Package: pdfescape 2019/12/09 v1.15 Implements pdfTeX's escape features (HO)
) (c:/Users/Lukas/AppData/Roaming/TinyTeX/texmf-dist/tex/latex/hycolor/hycolor.sty
Package: hycolor 2020-01-27 v1.10 Color options for hyperref/bookmark (HO)
) (c:/Users/Lukas/AppData/Roaming/TinyTeX/texmf-dist/tex/latex/letltxmacro/letltxmacro.sty
Package: letltxmacro 2019/12/03 v1.6 Let assignment for LaTeX macros (HO)
) (c:/Users/Lukas/AppData/Roaming/TinyTeX/texmf-dist/tex/latex/auxhook/auxhook.sty
Package: auxhook 2019-12-17 v1.6 Hooks for auxiliary files (HO)
) (c:/Users/Lukas/AppData/Roaming/TinyTeX/texmf-dist/tex/latex/kvoptions/kvoptions.sty
Package: kvoptions 2020-10-07 v3.14 Key value format for package options (HO)
)
\@linkdim=\dimen148
\Hy@linkcounter=\count197
\Hy@pagecounter=\count198
(c:/Users/Lukas/AppData/Roaming/TinyTeX/texmf-dist/tex/latex/hyperref/pd1enc.def
File: pd1enc.def 2021-06-07 v7.00m Hyperref: PDFDocEncoding definition (HO)
Now handling font encoding PD1 ...
... no UTF-8 mapping file for font encoding PD1
) (c:/Users/Lukas/AppData/Roaming/TinyTeX/texmf-dist/tex/latex/hyperref/hyperref-langpatches.def
File: hyperref-langpatches.def 2021-06-07 v7.00m Hyperref: patches for babel languages
) (c:/Users/Lukas/AppData/Roaming/TinyTeX/texmf-dist/tex/generic/intcalc/intcalc.sty
Package: intcalc 2019/12/15 v1.3 Expandable calculations with integers (HO)
) (c:/Users/Lukas/AppData/Roaming/TinyTeX/texmf-dist/tex/generic/etexcmds/etexcmds.sty
Package: etexcmds 2019/12/15 v1.7 Avoid name clashes with e-TeX commands (HO)
)
\Hy@SavedSpaceFactor=\count199
(c:/Users/Lukas/AppData/Roaming/TinyTeX/texmf-dist/tex/latex/hyperref/puenc.def
File: puenc.def 2021-06-07 v7.00m Hyperref: PDF Unicode definition (HO)
Now handling font encoding PU ...
... no UTF-8 mapping file for font encoding PU
)
Package hyperref Info: Hyper figures OFF on input line 4192.
Package hyperref Info: Link nesting OFF on input line 4197.
Package hyperref Info: Hyper index ON on input line 4200.
Package hyperref Info: Plain pages OFF on input line 4207.
Package hyperref Info: Backreferencing OFF on input line 4212.
Package hyperref Info: Implicit mode ON; LaTeX internals redefined.
Package hyperref Info: Bookmarks ON on input line 4445.
\c@Hy@tempcnt=\count266
(c:/Users/Lukas/AppData/Roaming/TinyTeX/texmf-dist/tex/latex/url/url.sty
\Urlmuskip=\muskip16
Package: url 2013/09/16  ver 3.4  Verb mode for urls, etc.
)
LaTeX Info: Redefining \url on input line 4804.
\XeTeXLinkMargin=\dimen149
(c:/Users/Lukas/AppData/Roaming/TinyTeX/texmf-dist/tex/generic/bitset/bitset.sty
Package: bitset 2019/12/09 v1.3 Handle bit-vector datatype (HO)
(c:/Users/Lukas/AppData/Roaming/TinyTeX/texmf-dist/tex/generic/bigintcalc/bigintcalc.sty
Package: bigintcalc 2019/12/15 v1.5 Expandable calculations on big integers (HO)
))
\Fld@menulength=\count267
\Field@Width=\dimen150
\Fld@charsize=\dimen151
Package hyperref Info: Hyper figures OFF on input line 6076.
Package hyperref Info: Link nesting OFF on input line 6081.
Package hyperref Info: Hyper index ON on input line 6084.
Package hyperref Info: backreferencing OFF on input line 6091.
Package hyperref Info: Link coloring OFF on input line 6096.
Package hyperref Info: Link coloring with OCG OFF on input line 6101.
Package hyperref Info: PDF/A mode OFF on input line 6106.
LaTeX Info: Redefining \ref on input line 6146.
LaTeX Info: Redefining \pageref on input line 6150.
(c:/Users/Lukas/AppData/Roaming/TinyTeX/texmf-dist/tex/latex/base/atbegshi-ltx.sty
Package: atbegshi-ltx 2021/01/10 v1.0c Emulation of the original atbegshi
package with kernel methods
)
\Hy@abspage=\count268
\c@Item=\count269
\c@Hfootnote=\count270
)
Package hyperref Info: Driver (autodetected): hpdftex.
(c:/Users/Lukas/AppData/Roaming/TinyTeX/texmf-dist/tex/latex/hyperref/hpdftex.def
File: hpdftex.def 2021-06-07 v7.00m Hyperref driver for pdfTeX
(c:/Users/Lukas/AppData/Roaming/TinyTeX/texmf-dist/tex/latex/base/atveryend-ltx.sty
Package: atveryend-ltx 2020/08/19 v1.0a Emulation of the original atveryend package
with kernel methods
)
\Fld@listcount=\count271
\c@bookmark@seq@number=\count272
(c:/Users/Lukas/AppData/Roaming/TinyTeX/texmf-dist/tex/latex/rerunfilecheck/rerunfilecheck.sty
Package: rerunfilecheck 2019/12/05 v1.9 Rerun checks for auxiliary files (HO)
(c:/Users/Lukas/AppData/Roaming/TinyTeX/texmf-dist/tex/generic/uniquecounter/uniquecounter.sty
Package: uniquecounter 2019/12/15 v1.4 Provide unlimited unique counter (HO)
)
Package uniquecounter Info: New unique counter `rerunfilecheck' on input line 286.
)
\Hy@SectionHShift=\skip49
)
Package hyperref Info: Option `unicode' set `true' on input line 37.
Package hyperref Info: Option `bookmarksnumbered' set `true' on input line 37.
Package hyperref Info: Option `bookmarksopen' set `true' on input line 37.
(c:/Users/Lukas/AppData/Roaming/TinyTeX/texmf-dist/tex/latex/titlesec/titlesec.sty
Package: titlesec 2021/07/05 v2.14 Sectioning titles
\ttl@box=\box50
\beforetitleunit=\skip50
\aftertitleunit=\skip51
\ttl@plus=\dimen152
\ttl@minus=\dimen153
\ttl@toksa=\toks20
\titlewidth=\dimen154
\titlewidthlast=\dimen155
\titlewidthfirst=\dimen156
) (c:/Users/Lukas/AppData/Roaming/TinyTeX/texmf-dist/tex/latex/float/float.sty
Package: float 2001/11/08 v1.3d Float enhancements (AL)
\c@float@type=\count273
\float@exts=\toks21
\float@box=\box51
\@float@everytoks=\toks22
\@floatcapt=\box52
) (c:/Users/Lukas/AppData/Roaming/TinyTeX/texmf-dist/tex/latex/tools/multicol.sty
Package: multicol 2021/10/28 v1.9b multicolumn formatting (FMi)
\c@tracingmulticols=\count274
\mult@box=\box53
\multicol@leftmargin=\dimen157
\c@unbalance=\count275
\c@collectmore=\count276
\doublecol@number=\count277
\multicoltolerance=\count278
\multicolpretolerance=\count279
\full@width=\dimen158
\page@free=\dimen159
\premulticols=\dimen160
\postmulticols=\dimen161
\multicolsep=\skip52
\multicolbaselineskip=\skip53
\partial@page=\box54
\last@line=\box55
\maxbalancingoverflow=\dimen162
\mult@rightbox=\box56
\mult@grightbox=\box57
\mult@firstbox=\box58
\mult@gfirstbox=\box59
\@tempa=\box60
\@tempa=\box61
\@tempa=\box62
\@tempa=\box63
\@tempa=\box64
\@tempa=\box65
\@tempa=\box66
\@tempa=\box67
\@tempa=\box68
\@tempa=\box69
\@tempa=\box70
\@tempa=\box71
\@tempa=\box72
\@tempa=\box73
\@tempa=\box74
\@tempa=\box75
\@tempa=\box76
\@tempa=\box77
\@tempa=\box78
\@tempa=\box79
\@tempa=\box80
\@tempa=\box81
\@tempa=\box82
\@tempa=\box83
\@tempa=\box84
\@tempa=\box85
\@tempa=\box86
\@tempa=\box87
\@tempa=\box88
\@tempa=\box89
\@tempa=\box90
\@tempa=\box91
\@tempa=\box92
\@tempa=\box93
\@tempa=\box94
\@tempa=\box95
\c@minrows=\count280
\c@columnbadness=\count281
\c@finalcolumnbadness=\count282
\last@try=\dimen163
\multicolovershoot=\dimen164
\multicolundershoot=\dimen165
\mult@nat@firstbox=\box96
\colbreak@box=\box97
\mc@col@check@num=\count283
) (c:/Users/Lukas/AppData/Roaming/TinyTeX/texmf-dist/tex/latex/caption/caption.sty
Package: caption 2020/10/26 v3.5g Customizing captions (AR)
(c:/Users/Lukas/AppData/Roaming/TinyTeX/texmf-dist/tex/latex/caption/caption3.sty
Package: caption3 2020/10/21 v2.2e caption3 kernel (AR)
\captionmargin=\dimen166
\captionmargin@=\dimen167
\captionwidth=\dimen168
\caption@tempdima=\dimen169
\caption@indent=\dimen170
\caption@parindent=\dimen171
\caption@hangindent=\dimen172
Package caption Info: Standard document class detected.
)
\c@caption@flags=\count284
\c@continuedfloat=\count285
Package caption Info: float package is loaded.
Package caption Info: hyperref package is loaded.
) (c:/Users/Lukas/AppData/Roaming/TinyTeX/texmf-dist/tex/latex/units/nicefrac.sty
Package: nicefrac 1998/08/04 v0.9b Nice fractions
\L@UnitsRaiseDisplaystyle=\skip54
\L@UnitsRaiseTextstyle=\skip55
\L@UnitsRaiseScriptstyle=\skip56
(c:/Users/Lukas/AppData/Roaming/TinyTeX/texmf-dist/tex/latex/base/ifthen.sty
Package: ifthen 2020/11/24 v1.1c Standard LaTeX ifthen package (DPC)
)) (c:/Users/Lukas/AppData/Roaming/TinyTeX/texmf-dist/tex/latex/wasysym/wasysym.sty
Package: wasysym 2020/01/19 v2.4 Wasy-2 symbol support package
\symwasy=\mathgroup4
LaTeX Font Info:    Overwriting symbol font `wasy' in version `bold'
(Font)                  U/wasy/m/n --> U/wasy/b/n on input line 93.
) (c:/Users/Lukas/AppData/Roaming/TinyTeX/texmf-dist/tex/latex/base/textcomp.sty
Package: textcomp 2020/02/02 v2.0n Standard LaTeX package
) (c:/Users/Lukas/AppData/Roaming/TinyTeX/texmf-dist/tex/latex/enumitem/enumitem.sty
Package: enumitem 2019/06/20 v3.9 Customized lists
\labelindent=\skip57
\enit@outerparindent=\dimen173
\enit@toks=\toks23
\enit@inbox=\box98
\enit@count@id=\count286
\enitdp@description=\count287
)) (c:/Users/Lukas/AppData/Roaming/TinyTeX/texmf-dist/tex/latex/subfig/subfig.sty
Package: subfig 2005/06/28 ver: 1.3 subfig package
\c@KVtest=\count288
\sf@farskip=\skip58
\sf@captopadj=\dimen174
\sf@capskip=\skip59
\sf@nearskip=\skip60
\c@subfigure=\count289
\c@subfigure@save=\count290
\c@lofdepth=\count291
\c@subtable=\count292
\c@subtable@save=\count293
\c@lotdepth=\count294
\sf@top=\skip61
\sf@bottom=\skip62
) (c:/Users/Lukas/AppData/Roaming/TinyTeX/texmf-dist/tex/latex/tools/longtable.sty
Package: longtable 2021-09-01 v4.17 Multi-page Table package (DPC)
\LTleft=\skip63
\LTright=\skip64
\LTpre=\skip65
\LTpost=\skip66
\LTchunksize=\count295
\LTcapwidth=\dimen175
\LT@head=\box99
\LT@firsthead=\box100
\LT@foot=\box101
\LT@lastfoot=\box102
\LT@gbox=\box103
\LT@cols=\count296
\LT@rows=\count297
\c@LT@tables=\count298
\c@LT@chunks=\count299
\LT@p@ftn=\toks24
) (c:/Users/Lukas/Documents/R/R-4.1.1/share/texmf/tex/latex/Sweave.sty
Package: Sweave 
(c:/Users/Lukas/AppData/Roaming/TinyTeX/texmf-dist/tex/latex/graphics/graphicx.sty
Package: graphicx 2021/09/16 v1.2d Enhanced LaTeX Graphics (DPC,SPQR)
(c:/Users/Lukas/AppData/Roaming/TinyTeX/texmf-dist/tex/latex/graphics/graphics.sty
Package: graphics 2021/03/04 v1.4d Standard LaTeX Graphics (DPC,SPQR)
(c:/Users/Lukas/AppData/Roaming/TinyTeX/texmf-dist/tex/latex/graphics/trig.sty
Package: trig 2021/08/11 v1.11 sin cos tan (DPC)
) (c:/Users/Lukas/AppData/Roaming/TinyTeX/texmf-dist/tex/latex/graphics-cfg/graphics.cfg
File: graphics.cfg 2016/06/04 v1.11 sample graphics configuration
)
Package graphics Info: Driver file: pdftex.def on input line 107.
)
\Gin@req@height=\dimen176
\Gin@req@width=\dimen177
) (c:/Users/Lukas/AppData/Roaming/TinyTeX/texmf-dist/tex/latex/fancyvrb/fancyvrb.sty
Package: fancyvrb 2021/11/24~ 4.1a~verbatim text (tvz,hv)
\FV@CodeLineNo=\count300
\FV@InFile=\read3
\FV@TabBox=\box104
\c@FancyVerbLine=\count301
\FV@StepNumber=\count302
\FV@OutFile=\write3
) (c:/Users/Lukas/AppData/Roaming/TinyTeX/texmf-dist/tex/latex/base/fontenc.sty
Package: fontenc 2021/04/29 v2.0v Standard LaTeX package
LaTeX Font Info:    Trying to load font information for T1+lmr on input line 112.
(c:/Users/Lukas/AppData/Roaming/TinyTeX/texmf-dist/tex/latex/lm/t1lmr.fd
File: t1lmr.fd 2015/05/01 v1.6.1 Font defs for Latin Modern
)) (c:/Users/Lukas/AppData/Roaming/TinyTeX/texmf-dist/tex/latex/ae/ae.sty
Package: ae 2001/02/12 1.3 Almost European Computer Modern
(c:/Users/Lukas/AppData/Roaming/TinyTeX/texmf-dist/tex/latex/base/fontenc.sty
Package: fontenc 2021/04/29 v2.0v Standard LaTeX package
)))
LaTeX Font Info:    Trying to load font information for T1+aer on input line 31.
(c:/Users/Lukas/AppData/Roaming/TinyTeX/texmf-dist/tex/latex/ae/t1aer.fd
File: t1aer.fd 1997/11/16 Font definitions for T1/aer.
) (c:/Users/Lukas/AppData/Roaming/TinyTeX/texmf-dist/tex/latex/l3backend/l3backend-pdftex.def
File: l3backend-pdftex.def 2021-10-18 L3 backend support: PDF output (pdfTeX)
\l__color_backend_stack_int=\count303
\l__pdf_internal_box=\box105
) (./semestralni_prace.aux

LaTeX Warning: Label `table:popisStat' multiply defined.


LaTeX Warning: Label `table:popisStat' multiply defined.


LaTeX Warning: Label `table:popisStat' multiply defined.

)
\openout1 = `semestralni_prace.aux'.

LaTeX Font Info:    Checking defaults for OML/cmm/m/it on input line 31.
LaTeX Font Info:    ... okay on input line 31.
LaTeX Font Info:    Checking defaults for OMS/cmsy/m/n on input line 31.
LaTeX Font Info:    ... okay on input line 31.
LaTeX Font Info:    Checking defaults for OT1/cmr/m/n on input line 31.
LaTeX Font Info:    ... okay on input line 31.
LaTeX Font Info:    Checking defaults for T1/cmr/m/n on input line 31.
LaTeX Font Info:    ... okay on input line 31.
LaTeX Font Info:    Checking defaults for TS1/cmr/m/n on input line 31.
LaTeX Font Info:    ... okay on input line 31.
LaTeX Font Info:    Checking defaults for OMX/cmex/m/n on input line 31.
LaTeX Font Info:    ... okay on input line 31.
LaTeX Font Info:    Checking defaults for U/cmr/m/n on input line 31.
LaTeX Font Info:    ... okay on input line 31.
LaTeX Font Info:    Checking defaults for PD1/pdf/m/n on input line 31.
LaTeX Font Info:    ... okay on input line 31.
LaTeX Font Info:    Checking defaults for PU/pdf/m/n on input line 31.
LaTeX Font Info:    ... okay on input line 31.
*geometry* driver: auto-detecting
*geometry* detected driver: pdftex
*geometry* verbose mode - [ preamble ] result:
* driver: pdftex
* paper: a4paper
* layout: <same size as paper>
* layoutoffset:(h,v)=(0.0pt,0.0pt)
* modes: 
* h-part:(L,W,R)=(99.58464pt, 455.24408pt, 42.67915pt)
* v-part:(T,H,B)=(71.13188pt, 702.78307pt, 71.1319pt)
* \paperwidth=597.50787pt
* \paperheight=845.04684pt
* \textwidth=455.24408pt
* \textheight=702.78307pt
* \oddsidemargin=27.31465pt
* \evensidemargin=27.31465pt
* \topmargin=-38.1381pt
* \headheight=12.0pt
* \headsep=25.0pt
* \topskip=12.0pt
* \footskip=30.0pt
* \marginparwidth=35.0pt
* \marginparsep=10.0pt
* \columnsep=10.0pt
* \skip\footins=10.8pt plus 4.0pt minus 2.0pt
* \hoffset=0.0pt
* \voffset=0.0pt
* \mag=1000
* \@twocolumnfalse
* \@twosidefalse
* \@mparswitchfalse
* \@reversemarginfalse
* (1in=72.27pt=25.4mm, 1cm=28.453pt)

(c:/Users/Lukas/AppData/Roaming/TinyTeX/texmf-dist/tex/latex/epstopdf-pkg/epstopdf-base.sty
Package: epstopdf-base 2020-01-24 v2.11 Base part for package epstopdf
(c:/Users/Lukas/AppData/Roaming/TinyTeX/texmf-dist/tex/latex/grfext/grfext.sty
Package: grfext 2019/12/03 v1.3 Manage graphics extensions (HO)
)
Package epstopdf-base Info: Redefining graphics rule for `.eps' on input line 485.
Package grfext Info: Graphics extension search list:
(grfext)             [.pdf,.png,.jpg,.mps,.jpeg,.jbig2,.jb2,.PDF,.PNG,.JPG,.JPEG,.JBIG2,.JB2,.eps]
(grfext)             \AppendGraphicsExtensions on input line 504.
(c:/Users/Lukas/AppData/Roaming/TinyTeX/texmf-dist/tex/latex/latexconfig/epstopdf-sys.cfg
File: epstopdf-sys.cfg 2010/07/13 v1.3 Configuration of (r)epstopdf for TeX Live
))
Package hyperref Info: Link coloring OFF on input line 31.
(c:/Users/Lukas/AppData/Roaming/TinyTeX/texmf-dist/tex/latex/hyperref/nameref.sty
Package: nameref 2021-04-02 v2.47 Cross-referencing by name of section
(c:/Users/Lukas/AppData/Roaming/TinyTeX/texmf-dist/tex/latex/refcount/refcount.sty
Package: refcount 2019/12/15 v3.6 Data extraction from label references (HO)
) (c:/Users/Lukas/AppData/Roaming/TinyTeX/texmf-dist/tex/generic/gettitlestring/gettitlestring.sty
Package: gettitlestring 2019/12/15 v1.6 Cleanup title references (HO)
)
\c@section@level=\count304
)
LaTeX Info: Redefining \ref on input line 31.
LaTeX Info: Redefining \pageref on input line 31.
LaTeX Info: Redefining \nameref on input line 31.
(./semestralni_prace.out) (./semestralni_prace.out)
\@outlinefile=\write4
\openout4 = `semestralni_prace.out'.

Package caption Info: Begin \AtBeginDocument code.
Package caption Info: subfig package v1.3 is loaded.
Package caption Info: longtable package is loaded.
(c:/Users/Lukas/AppData/Roaming/TinyTeX/texmf-dist/tex/latex/caption/ltcaption.sty
Package: ltcaption 2020/05/30 v1.4b longtable captions (AR)
)
Package caption Info: End \AtBeginDocument code.
(./semestralni_prace-concordance.tex) [1

{c:/Users/Lukas/AppData/Roaming/TinyTeX/texmf-var/fonts/map/pdftex/updmap/pdftex.map}] (./semestralni_prace.toc
LaTeX Font Info:    Trying to load font information for OT1+lmr on input line 10.
(c:/Users/Lukas/AppData/Roaming/TinyTeX/texmf-dist/tex/latex/lm/ot1lmr.fd
File: ot1lmr.fd 2015/05/01 v1.6.1 Font defs for Latin Modern
)<<ot1.cmap>>
LaTeX Font Info:    Trying to load font information for OML+lmm on input line 10.
(c:/Users/Lukas/AppData/Roaming/TinyTeX/texmf-dist/tex/latex/lm/omllmm.fd
File: omllmm.fd 2015/05/01 v1.6.1 Font defs for Latin Modern
)
LaTeX Font Info:    Trying to load font information for OMS+lmsy on input line 10.
(c:/Users/Lukas/AppData/Roaming/TinyTeX/texmf-dist/tex/latex/lm/omslmsy.fd
File: omslmsy.fd 2015/05/01 v1.6.1 Font defs for Latin Modern
)
LaTeX Font Info:    Trying to load font information for OMX+lmex on input line 10.
(c:/Users/Lukas/AppData/Roaming/TinyTeX/texmf-dist/tex/latex/lm/omxlmex.fd
File: omxlmex.fd 2015/05/01 v1.6.1 Font defs for Latin Modern
)
LaTeX Font Info:    External font `lmex10' loaded for size
(Font)              <12> on input line 10.
LaTeX Font Info:    External font `lmex10' loaded for size
(Font)              <8> on input line 10.
LaTeX Font Info:    External font `lmex10' loaded for size
(Font)              <6> on input line 10.
LaTeX Font Info:    Trying to load font information for U+wasy on input line 10.
(c:/Users/Lukas/AppData/Roaming/TinyTeX/texmf-dist/tex/latex/wasysym/uwasy.fd
File: uwasy.fd 2020/01/19 v2.4 Wasy-2 symbol font definitions
) [2


])
\tf@toc=\write5
\openout5 = `semestralni_prace.toc'.

[3] (./semestralni_prace.lof [4


])
\tf@lof=\write6
\openout6 = `semestralni_prace.lof'.

[5] (./semestralni_prace.lot)
\tf@lot=\write7
\openout7 = `semestralni_prace.lot'.

[6


] [7


] [8

]
Overfull \hbox (1.89316pt too wide) in paragraph at lines 82--83
\T1/aer/m/n/12 rukou a udrºování neumytých rukou pry£ od obli£eje. Aby se min-i-mal-i-zo-valo riziko p°enosu,
 []

[9]
LaTeX Font Info:    External font `lmex10' loaded for size
(Font)              <10> on input line 102.
LaTeX Font Info:    External font `lmex10' loaded for size
(Font)              <7> on input line 102.
LaTeX Font Info:    External font `lmex10' loaded for size
(Font)              <5> on input line 102.
[10

] [11]
<histogram_new_cases_smoothed.pdf, id=326, 433.62pt x 433.62pt>
File: histogram_new_cases_smoothed.pdf Graphic file (type pdf)
<use histogram_new_cases_smoothed.pdf>
Package pdftex.def Info: histogram_new_cases_smoothed.pdf  used on input line 176.
(pdftex.def)             Requested size: 199.16928pt x 199.16988pt.
<histogram_new_cases_smoothed_log.pdf, id=327, 433.62pt x 433.62pt>
File: histogram_new_cases_smoothed_log.pdf Graphic file (type pdf)
<use histogram_new_cases_smoothed_log.pdf>
Package pdftex.def Info: histogram_new_cases_smoothed_log.pdf  used on input line 179.
(pdftex.def)             Requested size: 199.16928pt x 199.16988pt.
[12

 <./histogram_new_cases_smoothed.pdf> <./histogram_new_cases_smoothed_log.pdf

pdfTeX warning: pdflatex.exe (file ./histogram_new_cases_smoothed_log.pdf): PDF inclusion: multiple pdfs with page group included in a single page
>]
<histogram_new_cases_per_million.pdf, id=365, 433.62pt x 433.62pt>
File: histogram_new_cases_per_million.pdf Graphic file (type pdf)
<use histogram_new_cases_per_million.pdf>
Package pdftex.def Info: histogram_new_cases_per_million.pdf  used on input line 193.
(pdftex.def)             Requested size: 199.16928pt x 199.16988pt.
<histogram_new_cases_per_million_log.pdf, id=366, 433.62pt x 433.62pt>
File: histogram_new_cases_per_million_log.pdf Graphic file (type pdf)
<use histogram_new_cases_per_million_log.pdf>
Package pdftex.def Info: histogram_new_cases_per_million_log.pdf  used on input line 196.
(pdftex.def)             Requested size: 199.16928pt x 199.16988pt.
<histogram_new_cases_smoothed_per_million.pdf, id=367, 433.62pt x 433.62pt>
File: histogram_new_cases_smoothed_per_million.pdf Graphic file (type pdf)
<use histogram_new_cases_smoothed_per_million.pdf>
Package pdftex.def Info: histogram_new_cases_smoothed_per_million.pdf  used on input line 209.
(pdftex.def)             Requested size: 199.16928pt x 199.16988pt.
<histogram_new_cases_smoothed_per_million_log.pdf, id=368, 433.62pt x 433.62pt>
File: histogram_new_cases_smoothed_per_million_log.pdf Graphic file (type pdf)
<use histogram_new_cases_smoothed_per_million_log.pdf>
Package pdftex.def Info: histogram_new_cases_smoothed_per_million_log.pdf  used on input line 212.
(pdftex.def)             Requested size: 199.16928pt x 199.16988pt.
<histogram_hosp_patients.pdf, id=369, 433.62pt x 433.62pt>
File: histogram_hosp_patients.pdf Graphic file (type pdf)
<use histogram_hosp_patients.pdf>
Package pdftex.def Info: histogram_hosp_patients.pdf  used on input line 226.
(pdftex.def)             Requested size: 199.16928pt x 199.16988pt.
<histogram_hosp_patients_log.pdf, id=370, 433.62pt x 433.62pt>
File: histogram_hosp_patients_log.pdf Graphic file (type pdf)
<use histogram_hosp_patients_log.pdf>
Package pdftex.def Info: histogram_hosp_patients_log.pdf  used on input line 229.
(pdftex.def)             Requested size: 199.16928pt x 199.16988pt.
[13

 <./histogram_new_cases_per_million.pdf> <./histogram_new_cases_per_million_log.pdf

pdfTeX warning: pdflatex.exe (file ./histogram_new_cases_per_million_log.pdf): PDF inclusion: multiple pdfs with page group included in a single page
> <./histogram_new_cases_smoothed_per_million.pdf

pdfTeX warning: pdflatex.exe (file ./histogram_new_cases_smoothed_per_million.pdf): PDF inclusion: multiple pdfs with page group included in a single page
> <./histogram_new_cases_smoothed_per_million_log.pdf

pdfTeX warning: pdflatex.exe (file ./histogram_new_cases_smoothed_per_million_log.pdf): PDF inclusion: multiple pdfs with page group included in a single page
>]
<histogram_new_tests.pdf, id=441, 433.62pt x 433.62pt>
File: histogram_new_tests.pdf Graphic file (type pdf)
<use histogram_new_tests.pdf>
Package pdftex.def Info: histogram_new_tests.pdf  used on input line 241.
(pdftex.def)             Requested size: 199.16928pt x 199.16988pt.
<histogram_new_tests_log.pdf, id=442, 433.62pt x 433.62pt>
File: histogram_new_tests_log.pdf Graphic file (type pdf)
<use histogram_new_tests_log.pdf>
Package pdftex.def Info: histogram_new_tests_log.pdf  used on input line 244.
(pdftex.def)             Requested size: 199.16928pt x 199.16988pt.
<histogram_new_cases.pdf, id=443, 433.62pt x 433.62pt>
File: histogram_new_cases.pdf Graphic file (type pdf)
<use histogram_new_cases.pdf>
Package pdftex.def Info: histogram_new_cases.pdf  used on input line 257.
(pdftex.def)             Requested size: 199.16928pt x 199.16988pt.
<histogram_new_cases_log.pdf, id=444, 433.62pt x 433.62pt>
File: histogram_new_cases_log.pdf Graphic file (type pdf)
<use histogram_new_cases_log.pdf>
Package pdftex.def Info: histogram_new_cases_log.pdf  used on input line 260.
(pdftex.def)             Requested size: 199.16928pt x 199.16988pt.
[14 <./histogram_hosp_patients.pdf> <./histogram_hosp_patients_log.pdf

pdfTeX warning: pdflatex.exe (file ./histogram_hosp_patients_log.pdf): PDF inclusion: multiple pdfs with page group included in a single page
> <./histogram_new_tests.pdf

pdfTeX warning: pdflatex.exe (file ./histogram_new_tests.pdf): PDF inclusion: multiple pdfs with page group included in a single page
> <./histogram_new_tests_log.pdf

pdfTeX warning: pdflatex.exe (file ./histogram_new_tests_log.pdf): PDF inclusion: multiple pdfs with page group included in a single page
>]
<histogram_new_cases_cz_au.pdf, id=515, 433.62pt x 433.62pt>
File: histogram_new_cases_cz_au.pdf Graphic file (type pdf)
<use histogram_new_cases_cz_au.pdf>
Package pdftex.def Info: histogram_new_cases_cz_au.pdf  used on input line 274.
(pdftex.def)             Requested size: 199.16928pt x 199.16988pt.
<histogram_new_cases_cz_au_log.pdf, id=516, 433.62pt x 433.62pt>
File: histogram_new_cases_cz_au_log.pdf Graphic file (type pdf)
<use histogram_new_cases_cz_au_log.pdf>
Package pdftex.def Info: histogram_new_cases_cz_au_log.pdf  used on input line 277.
(pdftex.def)             Requested size: 199.16928pt x 199.16988pt.
<bodovy_nove_pripady_log.pdf, id=517, 433.62pt x 433.62pt>
File: bodovy_nove_pripady_log.pdf Graphic file (type pdf)
<use bodovy_nove_pripady_log.pdf>
Package pdftex.def Info: bodovy_nove_pripady_log.pdf  used on input line 286.
(pdftex.def)             Requested size: 284.52756pt x 284.54257pt.
<bodovy_nove_testy.pdf, id=518, 433.62pt x 433.62pt>
File: bodovy_nove_testy.pdf Graphic file (type pdf)
<use bodovy_nove_testy.pdf>
Package pdftex.def Info: bodovy_nove_testy.pdf  used on input line 289.
(pdftex.def)             Requested size: 284.52756pt x 284.54257pt.
<bodovy_reprodukcni_cislo.pdf, id=519, 433.62pt x 433.62pt>
File: bodovy_reprodukcni_cislo.pdf Graphic file (type pdf)
<use bodovy_reprodukcni_cislo.pdf>
Package pdftex.def Info: bodovy_reprodukcni_cislo.pdf  used on input line 296.
(pdftex.def)             Requested size: 284.52756pt x 284.54257pt.
<bodovy_icu_patients.pdf, id=520, 433.62pt x 433.62pt>
File: bodovy_icu_patients.pdf Graphic file (type pdf)
<use bodovy_icu_patients.pdf>
Package pdftex.def Info: bodovy_icu_patients.pdf  used on input line 299.
(pdftex.def)             Requested size: 284.52756pt x 284.54257pt.
[15 <./histogram_new_cases.pdf> <./histogram_new_cases_log.pdf

pdfTeX warning: pdflatex.exe (file ./histogram_new_cases_log.pdf): PDF inclusion: multiple pdfs with page group included in a single page
> <./histogram_new_cases_cz_au.pdf

pdfTeX warning: pdflatex.exe (file ./histogram_new_cases_cz_au.pdf): PDF inclusion: multiple pdfs with page group included in a single page
> <./histogram_new_cases_cz_au_log.pdf

pdfTeX warning: pdflatex.exe (file ./histogram_new_cases_cz_au_log.pdf): PDF inclusion: multiple pdfs with page group included in a single page
>]
<bodovy_hosp_patients.pdf, id=590, 433.62pt x 433.62pt>
File: bodovy_hosp_patients.pdf Graphic file (type pdf)
<use bodovy_hosp_patients.pdf>
Package pdftex.def Info: bodovy_hosp_patients.pdf  used on input line 306.
(pdftex.def)             Requested size: 284.52756pt x 284.54257pt.
<bodovy_weekly_icu_admissions.pdf, id=591, 433.62pt x 433.62pt>
File: bodovy_weekly_icu_admissions.pdf Graphic file (type pdf)
<use bodovy_weekly_icu_admissions.pdf>
Package pdftex.def Info: bodovy_weekly_icu_admissions.pdf  used on input line 309.
(pdftex.def)             Requested size: 284.52756pt x 284.54257pt.
[16 <./bodovy_nove_pripady_log.pdf> <./bodovy_nove_testy.pdf

pdfTeX warning: pdflatex.exe (file ./bodovy_nove_testy.pdf): PDF inclusion: multiple pdfs with page group included in a single page
>]
<bodovy_weekly_hosp_admissions.pdf, id=628, 433.62pt x 433.62pt>
File: bodovy_weekly_hosp_admissions.pdf Graphic file (type pdf)
<use bodovy_weekly_hosp_admissions.pdf>
Package pdftex.def Info: bodovy_weekly_hosp_admissions.pdf  used on input line 316.
(pdftex.def)             Requested size: 284.52756pt x 284.54257pt.
<bodovy_positive_rate.pdf, id=629, 433.62pt x 433.62pt>
File: bodovy_positive_rate.pdf Graphic file (type pdf)
<use bodovy_positive_rate.pdf>
Package pdftex.def Info: bodovy_positive_rate.pdf  used on input line 319.
(pdftex.def)             Requested size: 284.52756pt x 284.54257pt.
[17 <./bodovy_reprodukcni_cislo.pdf> <./bodovy_icu_patients.pdf

pdfTeX warning: pdflatex.exe (file ./bodovy_icu_patients.pdf): PDF inclusion: multiple pdfs with page group included in a single page
>]
<bodovy_new_vaccinations.pdf, id=665, 433.62pt x 433.62pt>
File: bodovy_new_vaccinations.pdf Graphic file (type pdf)
<use bodovy_new_vaccinations.pdf>
Package pdftex.def Info: bodovy_new_vaccinations.pdf  used on input line 326.
(pdftex.def)             Requested size: 284.52756pt x 284.54257pt.
<bodovy_excess_mortality.pdf, id=666, 433.62pt x 433.62pt>
File: bodovy_excess_mortality.pdf Graphic file (type pdf)
<use bodovy_excess_mortality.pdf>
Package pdftex.def Info: bodovy_excess_mortality.pdf  used on input line 329.
(pdftex.def)             Requested size: 284.52756pt x 284.54257pt.
[18 <./bodovy_hosp_patients.pdf> <./bodovy_weekly_icu_admissions.pdf

pdfTeX warning: pdflatex.exe (file ./bodovy_weekly_icu_admissions.pdf): PDF inclusion: multiple pdfs with page group included in a single page
>] [19 <./bodovy_weekly_hosp_admissions.pdf> <./bodovy_positive_rate.pdf

pdfTeX warning: pdflatex.exe (file ./bodovy_positive_rate.pdf): PDF inclusion: multiple pdfs with page group included in a single page
>]
<boxplot_new_cases_per_million.pdf, id=739, 433.62pt x 433.62pt>
File: boxplot_new_cases_per_million.pdf Graphic file (type pdf)
<use boxplot_new_cases_per_million.pdf>
Package pdftex.def Info: boxplot_new_cases_per_million.pdf  used on input line 337.
(pdftex.def)             Requested size: 284.52756pt x 284.54257pt.
<boxplot_reproduction_rate.pdf, id=740, 433.62pt x 433.62pt>
File: boxplot_reproduction_rate.pdf Graphic file (type pdf)
<use boxplot_reproduction_rate.pdf>
Package pdftex.def Info: boxplot_reproduction_rate.pdf  used on input line 340.
(pdftex.def)             Requested size: 284.52756pt x 284.54257pt.
[20 <./bodovy_new_vaccinations.pdf> <./bodovy_excess_mortality.pdf

pdfTeX warning: pdflatex.exe (file ./bodovy_excess_mortality.pdf): PDF inclusion: multiple pdfs with page group included in a single page
>]
<boxplot_log_new_deaths.pdf, id=776, 433.62pt x 433.62pt>
File: boxplot_log_new_deaths.pdf Graphic file (type pdf)
<use boxplot_log_new_deaths.pdf>
Package pdftex.def Info: boxplot_log_new_deaths.pdf  used on input line 347.
(pdftex.def)             Requested size: 284.52756pt x 284.54257pt.
[21 <./boxplot_new_cases_per_million.pdf> <./boxplot_reproduction_rate.pdf

pdfTeX warning: pdflatex.exe (file ./boxplot_reproduction_rate.pdf): PDF inclusion: multiple pdfs with page group included in a single page
>]
<3D_graf_new_cases_new_tests_total_cases.pdf, id=812, 433.62pt x 433.62pt>
File: 3D_graf_new_cases_new_tests_total_cases.pdf Graphic file (type pdf)
<use 3D_graf_new_cases_new_tests_total_cases.pdf>
Package pdftex.def Info: 3D_graf_new_cases_new_tests_total_cases.pdf  used on input line 355.
(pdftex.def)             Requested size: 284.52756pt x 284.54257pt.
<3D_graf_log_new_cases_new_tests_total_cases.pdf, id=813, 433.62pt x 433.62pt>
File: 3D_graf_log_new_cases_new_tests_total_cases.pdf Graphic file (type pdf)
<use 3D_graf_log_new_cases_new_tests_total_cases.pdf>
Package pdftex.def Info: 3D_graf_log_new_cases_new_tests_total_cases.pdf  used on input line 358.
(pdftex.def)             Requested size: 284.52756pt x 284.54257pt.
<3D_graf_new_cases_new_tests_new_vaccinations.pdf, id=814, 433.62pt x 433.62pt>
File: 3D_graf_new_cases_new_tests_new_vaccinations.pdf Graphic file (type pdf)
<use 3D_graf_new_cases_new_tests_new_vaccinations.pdf>
Package pdftex.def Info: 3D_graf_new_cases_new_tests_new_vaccinations.pdf  used on input line 364.
(pdftex.def)             Requested size: 284.52756pt x 284.54257pt.
<3D_graf_new_cases.pdf, id=815, 433.62pt x 433.62pt>
File: 3D_graf_new_cases.pdf Graphic file (type pdf)
<use 3D_graf_new_cases.pdf>
Package pdftex.def Info: 3D_graf_new_cases.pdf  used on input line 367.
(pdftex.def)             Requested size: 284.52756pt x 284.54257pt.
[22 <./boxplot_log_new_deaths.pdf>]
<3D_graf_reproduction_rate.pdf, id=836, 433.62pt x 433.62pt>
File: 3D_graf_reproduction_rate.pdf Graphic file (type pdf)
<use 3D_graf_reproduction_rate.pdf>
Package pdftex.def Info: 3D_graf_reproduction_rate.pdf  used on input line 373.
(pdftex.def)             Requested size: 284.52756pt x 284.54257pt.
[23 <./3D_graf_new_cases_new_tests_total_cases.pdf> <./3D_graf_log_new_cases_new_tests_total_cases.pdf

pdfTeX warning: pdflatex.exe (file ./3D_graf_log_new_cases_new_tests_total_cases.pdf): PDF inclusion: multiple pdfs with page group included in a single page
>] [24 <./3D_graf_new_cases_new_tests_new_vaccinations.pdf> <./3D_graf_new_cases.pdf

pdfTeX warning: pdflatex.exe (file ./3D_graf_new_cases.pdf): PDF inclusion: multiple pdfs with page group included in a single page
>]
<hexbin_graf_log_new_cases_new_deaths.pdf, id=908, 433.62pt x 433.62pt>
File: hexbin_graf_log_new_cases_new_deaths.pdf Graphic file (type pdf)
<use hexbin_graf_log_new_cases_new_deaths.pdf>
Package pdftex.def Info: hexbin_graf_log_new_cases_new_deaths.pdf  used on input line 382.
(pdftex.def)             Requested size: 284.52756pt x 284.54257pt.
[25 <./3D_graf_reproduction_rate.pdf> <./hexbin_graf_log_new_cases_new_deaths.pdf

pdfTeX warning: pdflatex.exe (file ./hexbin_graf_log_new_cases_new_deaths.pdf): PDF inclusion: multiple pdfs with page group included in a single page
>]
LaTeX Font Info:    Trying to load font information for T1+aett on input line 421.
(c:/Users/Lukas/AppData/Roaming/TinyTeX/texmf-dist/tex/latex/ae/t1aett.fd
File: t1aett.fd 1997/11/16 Font definitions for T1/aett.
) [26

]
<faces_graf_covid.pdf, id=944, 433.62pt x 433.62pt>
File: faces_graf_covid.pdf Graphic file (type pdf)
<use faces_graf_covid.pdf>
Package pdftex.def Info: faces_graf_covid.pdf  used on input line 448.
(pdftex.def)             Requested size: 284.52756pt x 284.54257pt.
[27] [28 <./faces_graf_covid.pdf>]
<qqplot_graph_new_cases_new_deaths.pdf, id=963, 433.62pt x 433.62pt>
File: qqplot_graph_new_cases_new_deaths.pdf Graphic file (type pdf)
<use qqplot_graph_new_cases_new_deaths.pdf>
Package pdftex.def Info: qqplot_graph_new_cases_new_deaths.pdf  used on input line 461.
(pdftex.def)             Requested size: 284.52756pt x 284.54257pt.
[29

 <./qqplot_graph_new_cases_new_deaths.pdf>]
<qqplot_graph_new_tests_new_cases.pdf, id=984, 433.62pt x 433.62pt>
File: qqplot_graph_new_tests_new_cases.pdf Graphic file (type pdf)
<use qqplot_graph_new_tests_new_cases.pdf>
Package pdftex.def Info: qqplot_graph_new_tests_new_cases.pdf  used on input line 472.
(pdftex.def)             Requested size: 284.52756pt x 284.54257pt.
[30

 <./qqplot_graph_new_tests_new_cases.pdf>] [31


] [32

] [33

] [34

] [35

] [36

] [37

] [38

] [39] [40

] [41

]
LaTeX Font Info:    Trying to load font information for TS1+aett on input line 835.
(c:/Users/Lukas/Documents/R/R-4.1.1/share/texmf/tex/latex/ts1aett.fd
File: ts1aett.fd 
)
LaTeX Font Info:    Trying to load font information for TS1+cmtt on input line 835.
(c:/Users/Lukas/AppData/Roaming/TinyTeX/texmf-dist/tex/latex/base/ts1cmtt.fd
File: ts1cmtt.fd 2019/12/16 v2.5j Standard LaTeX font definitions
)
LaTeX Font Info:    Font shape `TS1/aett/m/n' in size <12> not available
(Font)              Font shape `TS1/cmtt/m/n' tried instead on input line 835.
<anova_graph_1.pdf, id=1053, 433.62pt x 433.62pt>
File: anova_graph_1.pdf Graphic file (type pdf)
<use anova_graph_1.pdf>
Package pdftex.def Info: anova_graph_1.pdf  used on input line 842.
(pdftex.def)             Requested size: 284.52756pt x 284.54257pt.
<anova_graph_2.pdf, id=1054, 433.62pt x 433.62pt>
File: anova_graph_2.pdf Graphic file (type pdf)
<use anova_graph_2.pdf>
Package pdftex.def Info: anova_graph_2.pdf  used on input line 850.
(pdftex.def)             Requested size: 284.52756pt x 284.54257pt.
<anova_graph_3.pdf, id=1055, 433.62pt x 433.62pt>
File: anova_graph_3.pdf Graphic file (type pdf)
<use anova_graph_3.pdf>
Package pdftex.def Info: anova_graph_3.pdf  used on input line 853.
(pdftex.def)             Requested size: 284.52756pt x 284.54257pt.
[42

 <./anova_graph_1.pdf>]
<anova_graph_4.pdf, id=1070, 433.62pt x 433.62pt>
File: anova_graph_4.pdf Graphic file (type pdf)
<use anova_graph_4.pdf>
Package pdftex.def Info: anova_graph_4.pdf  used on input line 861.
(pdftex.def)             Requested size: 284.52756pt x 284.54257pt.
<anova_graph_5.pdf, id=1071, 433.62pt x 433.62pt>
File: anova_graph_5.pdf Graphic file (type pdf)
<use anova_graph_5.pdf>
Package pdftex.def Info: anova_graph_5.pdf  used on input line 864.
(pdftex.def)             Requested size: 284.52756pt x 284.54257pt.
[43 <./anova_graph_2.pdf> <./anova_graph_3.pdf

pdfTeX warning: pdflatex.exe (file ./anova_graph_3.pdf): PDF inclusion: multiple pdfs with page group included in a single page
>]
<anova_graph_6.pdf, id=1094, 433.62pt x 433.62pt>
File: anova_graph_6.pdf Graphic file (type pdf)
<use anova_graph_6.pdf>
Package pdftex.def Info: anova_graph_6.pdf  used on input line 872.
(pdftex.def)             Requested size: 284.52756pt x 284.54257pt.
[44 <./anova_graph_4.pdf> <./anova_graph_5.pdf

pdfTeX warning: pdflatex.exe (file ./anova_graph_5.pdf): PDF inclusion: multiple pdfs with page group included in a single page
>] [45 <./anova_graph_6.pdf>] [46


] [47

]
Overfull \vbox (3322.66528pt too high) has occurred while \output is active []

[48]
<cor_matrix.pdf, id=1150, 433.62pt x 433.62pt>
File: cor_matrix.pdf Graphic file (type pdf)
<use cor_matrix.pdf>
Package pdftex.def Info: cor_matrix.pdf  used on input line 1125.
(pdftex.def)             Requested size: 284.52756pt x 284.54257pt.
[49 <./cor_matrix.pdf>] [50

]
Overfull \vbox (152.45546pt too high) has occurred while \output is active []

[51]
<cov_matrix_graph_heatmap.pdf, id=1174, 433.62pt x 433.62pt>
File: cov_matrix_graph_heatmap.pdf Graphic file (type pdf)
<use cov_matrix_graph_heatmap.pdf>
Package pdftex.def Info: cov_matrix_graph_heatmap.pdf  used on input line 1185.
(pdftex.def)             Requested size: 284.52756pt x 284.54257pt.
<cov_matrix_grap.pdf, id=1175, 433.62pt x 433.62pt>
File: cov_matrix_grap.pdf Graphic file (type pdf)
<use cov_matrix_grap.pdf>
Package pdftex.def Info: cov_matrix_grap.pdf  used on input line 1188.
(pdftex.def)             Requested size: 284.52756pt x 284.54257pt.
<cov_matrix_graph_ggqqplot.pdf, id=1176, 433.62pt x 433.62pt>
File: cov_matrix_graph_ggqqplot.pdf Graphic file (type pdf)
<use cov_matrix_graph_ggqqplot.pdf>
Package pdftex.def Info: cov_matrix_graph_ggqqplot.pdf  used on input line 1194.
(pdftex.def)             Requested size: 284.52756pt x 284.54257pt.
[52 <./cov_matrix_graph_heatmap.pdf> <./cov_matrix_grap.pdf

pdfTeX warning: pdflatex.exe (file ./cov_matrix_grap.pdf): PDF inclusion: multiple pdfs with page group included in a single page
>] [53 <./cov_matrix_graph_ggqqplot.pdf>] [54

]
<linear_regresion_graph.pdf, id=1215, 433.62pt x 433.62pt>
File: linear_regresion_graph.pdf Graphic file (type pdf)
<use linear_regresion_graph.pdf>
Package pdftex.def Info: linear_regresion_graph.pdf  used on input line 1226.
(pdftex.def)             Requested size: 284.52756pt x 284.54257pt.
[55

 <./linear_regresion_graph.pdf>]
<quadratic_regresion_graph.pdf, id=1239, 433.62pt x 433.62pt>
File: quadratic_regresion_graph.pdf Graphic file (type pdf)
<use quadratic_regresion_graph.pdf>
Package pdftex.def Info: quadratic_regresion_graph.pdf  used on input line 1241.
(pdftex.def)             Requested size: 284.52756pt x 284.54257pt.
[56

 <./quadratic_regresion_graph.pdf>] [57



]
Underfull \hbox (badness 3302) in paragraph at lines 1282--1284
\T1/aer/m/n/12 11-18]. Dos-tupné z: []$\T1/aett/m/n/12 https : / / github . com / owid / covid-[]19-[]data / tree / master /
 []

[58


]

LaTeX Warning: Reference `1' on page 59 undefined on input line 1294.

[59


]
LaTeX Font Info:    Trying to load font information for TS1+aer on input line 1304.
(c:/Users/Lukas/Documents/R/R-4.1.1/share/texmf/tex/latex/ts1aer.fd
File: ts1aer.fd 
)
LaTeX Font Info:    Font shape `TS1/aer/m/n' in size <12> not available
(Font)              Font shape `TS1/cmr/m/n' tried instead on input line 1304.
[60


] (./semestralni_prace.aux)

LaTeX Warning: There were undefined references.


LaTeX Warning: There were multiply-defined labels.

Package rerunfilecheck Info: File `semestralni_prace.out' has not changed.
(rerunfilecheck)             Checksum: 79223F3DE4918494E7470A21BB86AD5D;5474.
 ) 
Here is how much of TeX's memory you used:
 13909 strings out of 480313
 238768 string characters out of 5895779
 575273 words of memory out of 5000000
 31272 multiletter control sequences out of 15000+600000
 455919 words of font info for 101 fonts, out of 8000000 for 9000
 14 hyphenation exceptions out of 8191
 75i,10n,77p,1292b,453s stack positions out of 5000i,500n,10000p,200000b,80000s
 <c:/Users/Lukas/AppData/Roaming/TinyTeX/texmf-var/fonts/pk/ljfour/jknappen/ec/tcrm1200.600pk>{c:/Users/Lukas/AppData/Roaming/TinyTeX/texmf-dist/fonts/enc/dvips/lm/lm-rm.enc}{c:/Users/Lukas/AppData/Roaming/TinyTeX/texmf-dist/fonts/enc/dvips/lm/lm-mathsy.enc} <c:/Users/Lukas/AppData/Roaming/TinyTeX/texmf-var/fonts/pk/ljfour/jknappen/ec/tctt1200.600pk>{c:/Users/Lukas/AppData/Roaming/TinyTeX/texmf-dist/fonts/enc/dvips/lm/lm-mathit.enc}<c:/Users/Lukas/AppData/Roaming/TinyTeX/texmf-dist/fonts/type1/public/amsfonts/cm/cmb10.pfb><c:/Users/Lukas/AppData/Roaming/TinyTeX/texmf-dist/fonts/type1/public/amsfonts/cm/cmr10.pfb><c:/Users/Lukas/AppData/Roaming/TinyTeX/texmf-dist/fonts/type1/public/amsfonts/cm/cmr12.pfb><c:/Users/Lukas/AppData/Roaming/TinyTeX/texmf-dist/fonts/type1/public/amsfonts/cm/cmr17.pfb><c:/Users/Lukas/AppData/Roaming/TinyTeX/texmf-dist/fonts/type1/public/amsfonts/cm/cmti12.pfb><c:/Users/Lukas/AppData/Roaming/TinyTeX/texmf-dist/fonts/type1/public/amsfonts/cm/cmtt10.pfb><c:/Users/Lukas/AppData/Roaming/TinyTeX/texmf-dist/fonts/type1/public/amsfonts/cm/cmtt12.pfb><c:/Users/Lukas/AppData/Roaming/TinyTeX/texmf-dist/fonts/type1/public/lm/lmmi12.pfb><c:/Users/Lukas/AppData/Roaming/TinyTeX/texmf-dist/fonts/type1/public/lm/lmmi8.pfb><c:/Users/Lukas/AppData/Roaming/TinyTeX/texmf-dist/fonts/type1/public/lm/lmr12.pfb><c:/Users/Lukas/AppData/Roaming/TinyTeX/texmf-dist/fonts/type1/public/lm/lmr8.pfb><c:/Users/Lukas/AppData/Roaming/TinyTeX/texmf-dist/fonts/type1/public/lm/lmsy10.pfb>
Output written on semestralni_prace.pdf (60 pages, 1769867 bytes).
PDF statistics:
 1379 PDF objects out of 1440 (max. 8388607)
 1061 compressed objects within 11 object streams
 151 named destinations out of 1000 (max. 500000)
 541 words of extra memory for PDF output out of 10000 (max. 10000000)

